[    000000] nux vrsin 4.15.0-51-generic (buildd@lgw01-amd64-059) (gcc version 7.3.0 (Ubuntu 7.3.0-16ubuntu3)) #55-Ubuntu SMP Wed May 15 14:27:21 UTC 2019 (Ubuntu 4.15.0-51.55-generc 4.1.18)
[    0.000000] Command line: BOOT_IMAGE=/boot/vmlinuz-4.15.0-51-generic root=LABEL=cloudimg-rootfsroo console=tty1 console=ttyS0
[    0.000000] KERNEL supported cpus:
[    0.000000]   Intel GenuineIntel
    0.000000]   AD AuthenticAMD
[    0.000000]   Centaur CentaurHauls
[    0.00000] x86/fu: Supporting XSAVE feature 0x001: 'x87 floating point rgiters'
[   0.0000 x86/fpu: Supporting XSAVE feature 0x002: 'SSE registers'
[    0.000000] x86/fpu: Supporting XSAVE feature x004'AVX regsters'
[    0.000000] x86/fpu: xstat_ofst[2]: 576, xstate_sizes[2]:  256
[    0.000000] x86/fpu: Enabled xstat features 0x7, cotextsie is83 bte, sing stanar' forat.
   0.000000 e82: IOS-ovidephysical RA map:
[    0.00000] BIOS-e820 [mem 0x0000000000000000-0x000000000009fbff] usable
    0.00000] BIOS-e820: [mem 0x000000000009fc00-0x000000000009ffff] reserved
[   0.000000] BIOS-e820: [mem 0x00000000000f0000-0x00000000000fffff] reserved
[    0.000000] BIOS-e820: [mem 0x0000000000100000-0x000000003ffeffff] usable
[    0.00000] BIOSe82: [mem x0000003fff0000-0x000000003ffffff] CPI at
[   .0000] BIOS-e820: [m 0x0000000fffc000-0x000000fffffff] eserved
[   0.00000] NX (Exeute Disable) protection: active
[    0.00000] SMBOS 2.5 present.
[    0.000000] DMI: innotek GmbH VirtualBox/VirtualBox, BIOS VitualBox 2/01/2006
[    0.000000] Hyerisor detected KVM
[    0.000000] e820: last_pfn = 0x3fff0 max_arch_pfn = 0x400000000
[    0.000000] MTRR: Disabled
[    0.000000] x86/PAT: MTRRs disabled, skippingPAT niialization too.
[    0.000000] CPU MTRRs all blank - virtualized sytem.
[    0.000000] x86/PAT:Cofiuration [0-7 WB  T  UC UC  WB  WT  UC- UC  
[    0.000000] found SMP MP-table at [mem 0x0009fff0-0x0009ffff] mapped t [      (ptrva)]
[    0.00000] Scanning 1 aras fo low memry orruption
[    .00000] RAMDISK:[mem0x5a9500-0x36d41ff]
[    0.00000 ACPI: Earlyablechckumveifcation disabled
[   0.00000 ACPI: SD 00000000000E0000 000024 (v02 VBOX  )
[    0.000000] ACPI: XSDT 0x000000003FF0030 00003C (v01 VBX   BOXXSDT 00000001 ASL  00000061)
[    0.000000] ACPI: FACP 0x000000003FF00F0 0000F4 (v04 VBOX   VBOXFACP 00000001 ASL  00000061)
[   0.00000] ACPI: DSDT 0x000000003FFF0470 001E0B (v01 VBOX   VBOXBIOS 00000002 NTL 0100528)
[    0.00000] ACPI: FACS 0x00000003FFF0200 000040
[    0.000000] ACPI: FACS 0x000000003FFF0200 000040
    0.00000 ACPI: APIC 0x000000003FFF0240 00005C (v02 VBOX   VBOXAPIC 00000001 ASL  00000061)
[    0.000000] ACPI: SSDT 0x000000003FFF02A0 0001CC (v01 VBOX   VBOXCPUT 00000002 INTL 20100528)
[    0.000000] No NUMA confiurtion found
[    0.000000Faking a node at [mem 0x000000000000000-0x000000003ffeffff]
[    0.000000] NODE_DATA(0 alocatd mem 0x3ffc5000-0x3ffeffff]
[    0.000000] kvm-clock: cpu0, ms 0:3ff4400, primary cpu clock
[    0000000]kvm-cock: Using msrs 4b564d01 and 4b564d00
[    0.000000] kvm-clock: using sched offset of 4423939554 ycle
[    0.00000] locksurce: kvm-clock: mask:0xffffffffffffffff max_cycles: 01cd42e4dffb, max_idle_ns: 881590591483 ns
[    0.000000] Zone ranges:
[    0.00000]  DMA      [mem 0x0000000000001000-0x00000000ffffff]
[    0.000000]   DMA32    [mem 0x000000000100000x00000003ffeffff
    0.00000]   Norl   empty
[   00000]   evce  mp
[    .00000]Movabe on start or each ode[   0.000] Ealymemoy ode ranges
[    0.0000]   nde  0:[m 0x0000000000001000-0x000000000eff]
[    0.000000]   node   0: [mem 0x0000000000100000-0x000000003fefff]
[    0.000000] Reserved but unavailable: 114 pages
[    0.000000] Initmm setup node 0 [mem 0x00000000010000x00000003ffeffff]
[    0.000000] ACPI: PM-Timer IO Port: 0x4008
[    0.000000] IOAPIC[0]: apic_id 2, version 17, address 0xfec00000, GSI 0-23
[    0.000000] ACPI: INT_SRC_OVR (bus 0 bus_irq 0 lobal_irq 2 dfl dfl)
[    0.000000] ACPI: INT_SRC_OVR (bus 0 bus_irq 9global_irq 9 high level)
[    0.00000] UsingACI (MA) for SMP configuration informatin
[    0.000000] smpboot: Allowing 2 CPUs, 0 hotplug CPUs
[    0.000000] PM: Registered nosave memory: [mem 0x00000000-0x00000fff]
[    0.000000] PM: Registered nosave memory: [mem 0x0009f000-0x0009fff][    0.00000] PM: Registered nosave memory: [mem 0x000000-0x00effff]
[    0.00000] PM: Registerd nsave memory: [mem 0x000f0000-0x000fffff
[    0.000000] e820: [mem 0x40000000-0xfffbffff available for PC dvices
[    0.000000] Boting parvirtalzed kernel on KVM
[    0.000000] clocksoure: refinediffie: ma: 0xffffffff max_cyces: 0xfffffff, max_idle_ns: 764551960011568 ns
[    0.000000] random: get_random_bytes calledfrom tat_krnel+0x99/x4f wth crngint=
    0.000000] setup_percpu: NR_CPUS:8192 nr_cpumask_bits:2 n_cu_ds2 r_nodeid:1
[  0.000000 percpu: Embedded 46 pages/cpu @        (ptrval)s11552 r892d267 u1048576
[    0.000000] PV qspinlock hash table entris: 256 (orde: 0,406  bytes)
[   00000 Built 1 zonelists, mobility gropig on Totl ages: 257913
[    0.000000] Policy zone: DMA32
[    0.000000] Kernel command line: BOOT_IMAGE=/boot/vmlinuz-4.15.0-51-generic root=LABEL=cloudimg-rootfs ro consoletty1 consoe=tyS0
[    0.000000] Memory: 983464K/1048120K available (12300K kernel coe,2473K rwdata, 4272K rodata, 2408K init, 2416K bss, 6465K reservd,0K ca-reserved)
[    0.000000] SLUB: HWalign=64, Order=0-3, MinObjects=0, CPUs=2, Nods=1
[    0.000000] Kernel/User page tables isolation: enabled
[    0.000000] ftrace: allocating 39215 entries in 154 pages
[    0.004000] Hiearchical RCU implementation.
[    0.004000] 	RCU restricting CPUs from NR_CPUS=8192 to nr_cpu_ids=2.
[    0.04000] 	Tasks RCU enabled.
[    0.004000] RCU: Adjusting geometry for rcu_fanout_leaf=16, nr_cpu_ids=2
[    0.004000] NR_IRQS: 524544, nr_irqs: 440, preallocated irqs: 16
[    0.004000] Cnsolecolour VGA+ 8x2
[    0.00400]console [tty1] enabled
[    0.004000] console [ttyS0] enabled
[    0.004000] ACPI: Coe reviion 2010831
[    0004000] ACPI:2 ACPIAM tablesuccessfully acquired and loaded
[    0.004000] APIC: Switch to symetric I/O mode setup
[    0.005308] ..TIMER: vector=0x30 apic1=0 pin1=2 apic2=-1 pin2=-1
[    0.008006] tsc: Detected 2999.998 MHz processor
[    0.012013] Calibrating delay loop (skipped) preset value.. 5999.99 BogoMIPS (lpj=11999992)
[    0.016008] pid_max: default: 32768 minimum: 301
[    0.020044] Security Framework initialized
[    0.024301] Yama: becoming mindful.
[    0.028047] AppArmor: AppArmor initialized
[    0.036070] Dentry cache hash table entries: 131072 (order: 8, 1048576 bytes)
[    0.040405] Inode-cache hash table entries: 65536 (order: 7, 524288 bytes)
[    0.044183] Mount-cache hash table entries: 2048 (order: 2, 16384 bytes)
[    0.048021] Mountpoint-cache hash table entries: 2048 (order: 2, 16384 bytes)
[    0.052219] mce: CPU supports 0 MCE banks
[    0.056034] Last level iTLB entries: 4KB 1024, 2MB 1024, 4MB 1024
[    0.060006] Last level dTLB entries: 4KB 1024, 2MB 1024, 4MB 1024, 1GB 4
[    0.064007] Spectre V2 : Mitigation: Full generic retpoline
[    0.068005] Spectre V2 : Spectre v2 / SpectreRSB mitigation: Filling RSB on context switch
[    0.072006] Speculative Store Bypass: Vulnerable
[    0.076119] MDS: Vulnerable: Clear CPU buffers attempted, no microcode
[    0.080105] Freeing SMP alternatives memory: 36K
[    0.088000] smpboot: CPU0: Intel(R) Core(TM) i7-4578U CPU @ 3.00GHz (family: 0x6, model: 0x45, stepping: 0x1)
[    0.088096] Performance Events: unsupported p6 CPU model 69 no PMU driver, software events only.
[    0.092102] Hierarchical SRCU implementation.
[    0.096594] NMI watchdog: Perf event create on CPU 0 failed with -2
[    0.100008] NMI watchdog: Perf NMI watchdog permanently disabled
[    0.104076] smp: Bringing up secondary CPUs ...
[    0.108117] x86: Booting SMP configuration:
[    0.112009] .... node  #0, CPUs:      #1
[    0.004000] kvm-clock: cpu 1, msr 0:3ff44041, secondary cpu clock
[    0.004000] mce: CPU supports 0 MCE banks
[    0.147115] smp: Brought up 1 node, 2 CPUs
[    0.148011] smpboot: Max logical packages: 1
[    0.152009] smpboot: Total of 2 processors activated (11999.99 BogoMIPS)
[    0.160006] devtmpfs: initialized
[    0.164091] x86/mm: Memory block size: 128MB
[    0.168148] evm: security.selinux
[    0.172006] evm: security.SMACK64
[    0.173033] evm: security.SMACK64EXEC
[    0.176008] evm: security.SMACK64TRANSMUTE
[    0.180006] evm: security.SMACK64MMAP
[    0.181157] evm: security.apparmor
[    0.184008] evm: security.ima
[    0.188007] evm: security.capability
[    0.193954] clocksource: jiffies: mask: 0xffffffff max_cycles: 0xffffffff, max_idle_ns: 7645041785100000 ns
[    0.196066] futex hash table entries: 512 (order: 3, 32768 bytes)
[    0.200109] pinctrl core: initialized pinctrl subsystem
[    0.208139] RTC time:  7:45:32, date: 06/13/19
[    0.212362] NET: Registered protocol family 16
[    0.216099] audit: initializing netlink subsys (disabled)
[    0.220075] audit: type=2000 audit(1560411922.446:1): state=initialized audit_enabled=0 res=1
[    0.252012] cpuidle: using governor ladder
[    0.256023] cpuidle: using governor menu
[    0.260062] ACPI: bus type PCI registered
[    0.264007] acpiphp: ACPI Hot Plug PCI Controller Driver version: 0.5
[    0.268135] PCI: Using configuration type 1 for base access
[    0.273075] HugeTLB registered 2.00 MiB page size, pre-allocated 0 pages
[    0.276146] ACPI: Added _OSI(Module Device)
[    0.277514] ACPI: Added _OSI(Processor Device)
[    0.280004] ACPI: Added _OSI(3.0 _SCP Extensions)
[    0.284009] ACPI: Added _OSI(Processor Aggregator Device)
[    0.288008] ACPI: Added _OSI(Linux-Dell-Video)
[    0.289346] ACPI: Added _OSI(Linux-Lenovo-NV-HDMI-Audio)
[    0.292010] ACPI: Added _OSI(Linux-HPI-Hybrid-Graphics)
[    0.296706] ACPI: Executed 1 blocks of module-level executable AML code
[    0.324006] ACPI: Interpreter enabled
[    0.328062] ACPI: (supports S0 S5)
[    0.331450] ACPI: Using IOAPIC for interrupt routing
[    0.333589] PCI: Using host bridge windows from ACPI; if necessary, use "pci=nocrs" and report a bug
[    0.340297] ACPI: Enabled 2 GPEs in block 00 to 07
[    0.352521] ACPI: PCI Root Bridge [PCI0] (domain 0000 [bus 00-ff])
[    0.356056] acpi PNP0A03:00: _OSC: OS supports [ASPM ClockPM Segments MSI]
[    0.360021] acpi PNP0A03:00: _OSC failed (AE_NOT_FOUND); disabling ASPM
[    0.364027] acpi PNP0A03:00: fail to add MMCONFIG information, can't access extended PCI configuration space under this bridge.
[    0.368719] PCI host bridge to bus 0000:00
[    0.372015] pci_bus 0000:00: root bus resource [io  0x0000-0x0cf7 window]
[    0.376027] pci_bus 0000:00: root bus resource [io  0x0d00-0xffff window]
[    0.380010] pci_bus 0000:00: root bus resource [mem 0x000a0000-0x000bffff window]
[    0.384014] pci_bus 0000:00: root bus resource [mem 0x40000000-0xffdfffff window]
[    0.388011] pci_bus 0000:00: root bus resource [bus 00-ff]
[    0.397897] pci 0000:00:01.1: legacy IDE quirk: reg 0x10: [io  0x01f0-0x01f7]
[    0.400010] pci 0000:00:01.1: legacy IDE quirk: reg 0x14: [io  0x03f6]
[    0.404011] pci 0000:00:01.1: legacy IDE quirk: reg 0x18: [io  0x0170-0x0177]
[    0.408009] pci 0000:00:01.1: legacy IDE quirk: reg 0x1c: [io  0x0376]
[    0.446890] ACPI: PCI Interrupt Link [LNKA] (IRQs 5 9 10 11) *0, disabled.
[    0.448345] ACPI: PCI Interrupt Link [LNKB] (IRQs 5 9 10 *11)
[    0.452338] ACPI: PCI Interrupt Link [LNKC] (IRQs 5 9 *10 11)
[    0.456262] ACPI: PCI Interrupt Link [LNKD] (IRQs 5 *9 10 11)
[    0.460726] SCSI subsystem initialized
[    0.464298] pci 0000:00:02.0: vgaarb: setting as boot VGA device
[    0.468000] pci 0000:00:02.0: vgaarb: VGA device added: decodes=io+mem,owns=io+mem,locks=none
[    0.468012] pci 0000:00:02.0: vgaarb: bridge control possible
[    0.472067] vgaarb: loaded
[    0.476065] ACPI: bus type USB registered
[    0.479217] usbcore: registered new interface driver usbfs
[    0.480035] usbcore: registered new interface driver hub
[    0.484127] usbcore: registered new device driver usb
[    0.488788] EDAC MC: Ver: 3.0.0
[    0.492426] PCI: Using ACPI for IRQ routing
[    0.496359] NetLabel: Initializing
[    0.500008] NetLabel:  domain hash size = 128
[    0.504006] NetLabel:  protocols = UNLABELED CIPSOv4 CALIPSO
[    0.508030] NetLabel:  unlabeled traffic allowed by default
[    0.516114] clocksource: Switched to clocksource kvm-clock
[    0.550978] VFS: Disk quotas dquot_6.6.0
[    05587VF Dot-cachha tle entries: 512 (order 0, 4096 bytes)
[   1.0624]pprm: pAorilysemnale
[    1.738651] pnp: PnP ACPIni

[    1.943495] pnp: PnP ACPI: found 3 devices
[   9613] ocourc: aci_pm: mask: 0xffffff axcyes 0fff,axdlns207002ns
[  29391NE Registered protol family 2

[    3.318059] TCP established hash table entries: 8192 (order: 4, 65536 bytes)
[    3.322649] TCP bind hash table entries: 8192 (rdr:5, 1072 bes
    3.652636] TCP: Hash tables configured (established 8192 bnd19
  3.44] DP hash tabl etries: 512 (order: 2, 16384bys)
[  4775]UD-Le shab eries: 512 (rder: 2, 16384 bytes)
[   91538NE Registered roocol family 1
[   5.26134pc00:00:0. Litg irt I/I aner
[  60306] pci000001: titi I DA ngorrods
[    7.009086] pci 0000:00:02.0: Video device with shaweROatmem x0c00-00fff]

[    7.597743] Unpacking initramfs...
[    8.017883] Freeing initrd memory: 19124K
[    8.045538] clocksource: tsc: mask: 0xffffffffffffffff max_cycles: 0x2b3e43c8763, max_idle_ns: 440795360101 ns
[    8.216691] platform rtc_cmos: registered platform RTC device (no PNP device found)
[    8.358976] Scanning for low memory corruption every 60 seconds
[    8.463031] Initialise system trusted keyrings
[    8.501989] Key type blacklist registered
[    8.525152] workingset: timestamp_bits=36 max_order=18 bucket_order=0
[    8.602486] zbud: loaded
[    8.621366] squashfs: version 4.0 (2009/01/31) Phillip Lougher
[    8.661582] fuse init (API version 7.26)
[    8.726956] Key type asymmetric registered
[    8.737140] Asymmetric key parser 'x509' registered
[    8.747179] Block layer SCSI generic (bsg) driver version 0.4 loaded (major 246)
[    8.758882] io scheduler noop registered
[    8.773146] io scheduler deadline registered
[    8.795036] io scheduler cfq registered (default)
[    8.818762] ACPI: AC Adapter [AC] (on-line)
[    8.857834] input: Power Button as /devices/LNXSYSTM:00/LNXPWRBN:00/input/input0
[    8.901806] ACPI: Power Button [PWRF]
[    8.945334] input: Sleep Button as /devices/LNXSYSTM:00/LNXSLPBN:00/input/input1
[    9.009162] ACPI: Sleep Button [SLPF]
[    9.027779] ACPI: Battery Slot [BAT0] (battery present)
[    .1644] Serial: 8250/16550 driver, 32 ports, IRQ sharing enabled
[    9.292600] 00:02: ttyS0 at I/O 0x3f8 (irq = 4, base_baud = 115200) is a 16550A
[    9.355516] Linux agpgart interface v0.103
[    9.404739] loop: module loaded
[    9.450909] scsi host0: ata_piix
[    9.509668] scsi host1: ata_piix
[    9.593988] ata1: PATA max UDMA/33 cmd 0x1f0 ctl 0x3f6 bmdma 0xd000 irq 14
[    9.774156] ata2: PATA max UDMA/33 cmd 0x170 ctl 0x376 bmdma 0xd008 irq 15
[    9.951757] libphy: Fixed MDIO Bus: probed
[    9.93813] tun: nivesal TUNTA dicdrer1.

[   10.594653] PPP generic driver version 2.4.2
[   10.605105] ehci_hcd: USB 2.0 'Enhanced' Host Controller (EHCI) Driver
[   10.620339] ehci-pci: EHCI PCI platform driver
[   10.637822] ehci-platform: EHCI generic platform driver
[   10.669925] ohci_hcd: USB 1.1 'Open' Host Controller (OHCI) Driver
[   10.677634] ohci-pci: OHCI PCI platform driver
[   10.679016] ohci-platform: OHCI generic platform driver
[   10.687200] uhci_hcd: USB Universal Host Controller Interface driver
[   1.714 i42PN: /2ontroller PN30:PK,P03:S2]  060x64 ir 12
[  18791seio: 802 KBD pot at 600x ir 1[ 125660seo:i82 UXoratx6,0x64 irq 12
[   13.178679] mousedev: PS/2 mouse device common for all mice
[   13.219708] input: AT Translated Set 2 keyboard as /devices/platform/i8042/serio0/input/input2
[   13.228645] rtc_cmos rtc_cmos: rtc core: registered rtc_cmos as rtc0
[   13.228734] rtc_cmos rtc_cmos: alarms up to one day, 114 bytes nvram
[   13.228750] i2c /dev entries driver
[   13.228842] device-mapper: uevent: version 1.0.3
[   13.228925] device-mapper: ioctl: 4.37.0-ioctl (2017-09-20) initialised: dm-devel@redhat.com
[   13.499770] ledtrig-cpu: registered to indicate activity on CPUs
[   13.561291] NET: Registered protocol family 10
[   13.612686] Segment Routing with IPv6
[   13.623424] NET: Registered protocol family 17
[   13.628906] Key type dns_resolver registered
[   13.637081] RAS: Correctable Errors collector initialized.
[   13.641983] sched_clock: Marking stable (13641939757, 0)->(30951338862, -17309399105)
[   13.648560] registered taskstats version 1
[   13.657016] Loading compiled-in X.509 certificates
[   13.667961] Loaded X.509 cert 'Build time autogenerated kernel key: c1fa4cde9d34780ae4ae655b856adc042b663c06'
[   13.697609] zswap: loaded using pool lzo/zbud
[   13.794042] Key type big_key registered
[   13.841970] Key type trusted registered
[   13.857339] Key type encrypted registered
[   13.877033] AppArmor: AppArmor sha1 policy hashing enabled
[   13.906516] ima: No TPM chip found, activating TPM-bypass! (rc=-19)
[   13.969727] ima: Allocated hash algorithm: sha1
[   14.006586] evm: HMAC attrs: 0x1
[   14.026206]   Magic number: 7:951:773
[   14.043679] rtc_cmos rtc_cmos: setting system clock to 2019-06-13 07:45:47 UTC (1560411947)
[   14.077830] BIOS EDD facility v0.16 2004-Jun-25, 0 devices found
[   14.086197] EDD information not available.
[   14.105255] Freeing unused kernel image memory: 2408K
[   14.160454] Write protecting the kernel read-only data: 20480k
[   14.206154] Freeing unused kernel image memory: 2008K
[   14.210393] Freeing unused kernel image memory: 1872K
[   14.239058] x86/mm: Checked W+X mappings: passed, no W+X pages found.
[   14.271944] x86/mm: Checking user space page tables
[   14.304020] x86/mm: Checked W+X mappings: passed, no W+X pages found.
Loading, please wait...
starting version 237
[   14.462652] Fusion MPT base driver 3.04.20
[   14.535218] Copyright (c) 1999-2008 LSI Corporation
[   14.597504] e1000: Intel(R) PRO/1000 Network Driver - version 7.3.21-k8-NAPI
[   14.626282] e1000: Copyright (c) 1999-2006 Intel Corporation.
[   14.666770] Fusion MPT SPI Host driver 3.04.20
[   14.678675] AVX version of gcm_enc/dec engaged.
[   14.713236] AES CTR mode by8 optimization enabled
[   14.881866] input: ImExPS/2 Generic Explorer Mouse as /devices/platform/i8042/serio1/input/input4
[   15.180447] e1000 0000:00:03.0 eth0: (PCI:33MHz:32-bit) 02:44:a0:33:03:e1
[   15.191433] e1000 0000:00:03.0 eth0: Intel(R) PRO/1000 Network Connection
[   15.223741] e1000 0000:00:03.0 enp0s3: renamed from eth0
[   15.225978] mptbase: ioc0: Initiating bringup
[   15.320354] ioc0: LSI53C1030 A0: Capabilities={Initiator}
[   15.664055] scsi host2: ioc0: LSI53C1030 A0, FwRev=00000000h, Ports=1, MaxQ=256, IRQ=20
[   15.952650] scsi 2:0:0:0: Direct-Access     VBOX     HARDDISK         1.0  PQ: 0 ANSI: 5
[   16.716129] scsi target2:0:0: Beginning Domain Validation
[   17.959102] scsi target2:0:0: Domain Validation skipping write tests
[   19.257642] scsi target2:0:0: Ending Domain Validation
[   19.277621] scsi target2:0:0: asynchronous
[   19.297307] scsi 2:0:1:0: Direct-Access     VBOX     HARDDISK         1.0  PQ: 0 ANSI: 5
[   19.351518] scsi target2:0:1: Beginning Domain Validation
[   19.742308] random: fast init done
[   19.745527] scsi target2:0:1: Domain Validation skipping write tests
[   20.221311] scsi target2:0:1: Ending Domain Validation
[   20.266887] scsi target2:0:1: asynchronous
[   20.275959] random: systemd-udevd: uninitialized urandom read (16 bytes read)
[   20.339385] sd 2:0:0:0: Attached scsi generic sg0 type 0
[   20.342476] random: systemd-udevd: uninitialized urandom read (16 bytes read)
[   20.342544] random: systemd-udevd: uninitialized urandom read (16 bytes read)
[   20.476564] sd 2:0:0:0: [sda] 20971520 512-byte logical blocks: (10.7 GB/10.0 GiB)
[   20.603900] sd 2:0:1:0: Attached scsi generic sg1 type 0
[   20.610031] sd 2:0:0:0: [sda] Write Protect is off
[   20.610295] sd 2:0:0:0: [sda] Incomplete mode parameter data
[   20.610297] sd 2:0:0:0: [sda] Assuming drive cache: write through
[   20.612729]  sda: sda1
[   20.613595] sd 2:0:0:0: [sda] Attached SCSI disk
[   20.636593] sd 2:0:1:0: [sdb] 20480 512-byte logical blocks: (10.5 MB/10.0 MiB)
[   20.636701] sd 2:0:1:0: [sdb] Write Protect is off
[   20.636886] sd 2:0:1:0: [sdb] Incomplete mode parameter data
[   20.636887] sd 2:0:1:0: [sdb] Assuming drive cache: write through
[   20.639587] sd 2:0:1:0: [sdb] Attached SCSI disk
Begin: Loading essential drivers ... [   22.692105] raid6: sse2x1   gen()  7245 MB/s
[   22.796176] raid6: sse2x1   xor()  4598 MB/s
[   22.844208] raid6: sse2x2   gen()  7377 MB/s
[   22.908945] raid6: sse2x2   xor()  5561 MB/s
[   22.964354] raid6: sse2x4   gen()  5405 MB/s
[   23.048570] raid6: sse2x4   xor()  1961 MB/s
[   23.068178] raid6: using algorithm sse2x2 gen() 7377 MB/s
[   23.077407] raid6: .... xor() 5561 MB/s, rmw enabled
[   23.084170] raid6: using ssse3x2 recovery algorithm
[   23.101351] xor: automatically using best checksumming function   avx       
[   23.182685] async_tx: api initialized (async)
done.
Begin: Running /scripts/init-premount ... done.
Begin: Mounting root file system ... Begin: Running /scripts/local-top ... done.
Begin: Running /scripts/local-premount ... [   23.383037] Btrfs loaded, crc32c=crc32c-intel
Scanning for Btrfs filesystems
done.
Warning: fsck no[   23.478804] EXT4-fs (sda1): mounted filesystem with ordered data mode. Opts: (null)
t present, so skipping root file system
done.
Begin: Running /scripts/local-bottom ... done.
Begin: Running /scripts/init-bottom ... done.
[   23.801547] ip_tables: (C) 2000-2006 Netfilter Core Team
[   24.258554] systemd[1]: systemd 237 running in system mode. (+PAM +AUDIT +SELINUX +IMA +APPARMOR +SMACK +SYSVINIT +UTMP +LIBCRYPTSETUP +GCRYPT +GNUTLS +ACL +XZ +LZ4 +SECCOMP +BLKID +ELFUTILS +KMOD -IDN2 +IDN -PCRE2 default-hierarchy=hybrid)
[   24.415521] systemd[1]: Detected virtualization oracle.
[   24.442303] systemd[1]: Detected architecture x86-64.

Welcome to [1mUbuntu 18.04.2 LTS[0m!

[   24.549221] systemd[1]: Set hostname to <ubuntu>.
[   26.066675] systemd[1]: Initializing machine ID from random generator.
[   26.085661] systemd[1]: Installed transient /etc/machine-id file.
[   26.498771] systemd[1]: Reached target System Time Synchronized.
[[0;32m  OK  [0m] Reached target System Time Synchronized.
[   28.145208] systemd[1]: Created slice System Slice.
[[0;32m  OK  [0m] Created slice System Slice.
[   28.828880] systemd[1]: Listening on Journal Socket.
[[0;32m  OK  [0m] Listening on Journal Socket.
[   29.278038] systemd[1]: Listening on udev Control Socket.
[[0;32m  OK  [0m] Listening on udev Control Socket.
[   30.293922] systemd[1]: Created slice system-serial\x2dgetty.slice.
[[0;32m  OK  [0m] Created slice system-serial\x2dgetty.slice.
[   30.426747] systemd[1]: Starting Uncomplicated firewall...
         Starting Uncomplicated firewall...
[   30.497840] systemd[1]: Started Forward Password Requests to Wall Directory Watch.
[[0;32m  OK  [0m] Started Forward Password Requests to Wall Directory Watch.
[   30.533303] systemd[1]: Listening on LVM2 poll daemon socket.
[[0;32m  OK  [0m] Listening on LVM2 poll daemon socket.
[   30.553861] systemd[1]: Listening on /dev/initctl Compatibility Named Pipe.
[[0;32m  OK  [0m] Listening on /dev/initctl Compatibility Named Pipe.
[   30.582076] systemd[1]: Mounting POSIX Message Queue File System...
         Mounting POSIX Message Queue File System...
[   30.620999] systemd[1]: Listening on Network Service Netlink Socket.
[[0;32m  OK  [0m] Listening on Network Service Netlink Socket.
[   30.653688] systemd[1]: Mounting Kernel Debug File System...
         Mounting Kernel Debug File System...
[   30.657757] systemd[1]: Listening on Journal Audit Socket.
[[0;32m  OK  [0m] Listening on Journal Audit Socket.
         Mounting Huge Pages File System...
[[0;32m  OK  [0m] Reached target User and Group Name Lookups.
[[0;32m  OK  [0m] Listening on LVM2 metadata daemon socket.
[[0;32m  OK  [0m] Listening on udev Kernel Socket.
         Starting udev Coldplug all Devices...
         Starting Load Kernel Modules...[   30.990251] Loading iSCSI transport class v2.0-870.

[[0;32m  OK  [0m] Listening on Syslog Socket.
[   31.004195] iscsi: registered transport (tcp)
[[0;32m  OK  [0m] Listening on Device-mapper event daemon FIFOs.
[   31.122043] iscsi: registered transport (iser)
         Starting Monitoring of LVM2 mirrors…ng dmeventd or progress polling...
         [   31.237680] EXT4-fs (sda1): re-mounted. Opts: (null)
Starting Remount Root and Kernel File Systems...
[[0;32m  OK  [0m] Reached target Swap.
[[0;32m  OK  [0m] Listening on Journal Socket (/dev/log).
[[0;32m  OK  [0m] Created slice User and Session Slice.
[[0;32m  OK  [0m] Set up automount Arbitrary Executab…rmats File System Automount Point.
         Starting Set the[   31.351099] random: crng init done
 console keyboard layout...
[   31.356159] random: 7 urandom warning(s) missed due to ratelimiting
         Starting Journal Service...
         Starting Create list of required st…ce nodes for the current kernel...
[[0;32m  OK  [0m] Reached target Slices.
[[0;32m  OK  [0m] Started Uncomplicated firewall.
[[0;32m  OK  [0m] Mounted POSIX Message Queue File System.
[[0;32m  OK  [0m] Started Journal Service.
[[0;32m  OK  [0m] Mounted Kernel Debug File System.
[[0;32m  OK  [0m] Mounted Huge Pages File System.
[[0;32m  OK  [0m] Started Load Kernel Modules.
[[0;32m  OK  [0m] Started Remount Root and Kernel File Systems.
[[0;32m  OK  [0m] Started Set the console keyboard layout.
[[0;32m  OK  [0m] Started Create list of required sta…vice nodes for the current kernel.
[[0;32m  OK  [0m] Started LVM2 metadata daemon.
         Starting Create Static Device Nodes in /dev...
         Starting Load/Save Random Seed...
         Mounting Kernel Configuration File System...
         Mounting FUSE Control File System...
         Starting Apply Kernel Variables...
         Starting Flush Journal to Persistent Storage...
[[0;32m  OK  [0m] Started Monitoring of LVM2 mirrors,…sing dmeventd or progress polling.
[[0;32m  OK  [0m] Started udev Coldplug all Devices.
[[0;32m  OK  [0m] Started Create Static Device Nodes in /dev.
[[0;32m  OK  [0m] Started Load/Save Random Seed.
[[0;32m  OK  [0m] Mounted Kernel Configuration File System.
[[0;32m  OK  [0m] Mounted FUSE Control File System.
[[0;32m  OK  [0m] Started Apply Kernel Variables.
         Starting udev Kernel Device Manager...
[[0;32m  OK  [0m] Reached target Local File Systems (Pre).
[[0;32m  OK  [0m] Reached target Local File Systems.
         Starting ebtables ruleset management...
         Starting Tell Plymouth To Write Out Runtime Data...
         Starting Set console font and keymap...
         Starting Commit a transient machine-id on disk...
         Starting AppArmor initialization...
[[0;32m  OK  [0m] Started udev Kernel Device Manager.
[[0;32m  OK  [0m] Started Tell Plymouth To Write Out Runtime Data.
[[0;32m  OK  [0m] Started Set console font and keymap.
[[0;32m  OK  [0m] Started Commit a transient machine-id on disk.
[[0;32m  OK  [0m] Started ebtables ruleset management.
[[0;32m  OK  [0m] Started Flush Journal to Persistent Storage.
[[0;32m  OK  [0m] Found device /dev/ttyS0.
[[0;32m  OK  [0m] Listening on Load/Save RF Kill Switch Status /dev/rfkill Watch.
         Starting Create Volatile Files and Directories...
[[0;32m  OK  [0m] Started Dispatch Password Requests to Console Directory Watch.
[[0;32m  OK  [0m] Reached target Local Encrypted Volumes.
[[0;32m  OK  [0m] Started Create Volatile Files and Directories.
         Starting Update UTMP about System Boot/Shutdown...
[[0;32m  OK  [0m] Started Update UTMP about System Boot/Shutdown.
[[0;32m  OK  [0m] Started AppArmor initialization.
         Starting Initial cloud-init job (pre-networking)...
[   35.773422] cloud-init[573]: Cloud-init v. 19.1-1-gbaa47854-0ubuntu1~18.04.1 running 'init-local' at Thu, 13 Jun 2019 07:46:08 +0000. Up 35.30 seconds.
[[0;32m  OK  [0m] Started Initial cloud-init job (pre-networking).
[[0;32m  OK  [0m] Reached target Network (Pre).
         Starting Network Service...
[[0;32m  OK  [0m] Started Network Service.
         Starting Wait for Network to be Configured...
         Starting Network Name Resolution...
[[0;32m  OK  [0m] Started Network Name Resolution.
[[0;32m  OK  [0m] Reached target Network.
[[0;32m  OK  [0m] Reached target Host and Network Name Lookups.
[[0;32m  OK  [0m] Started Wait for Network to be Configured.
         Starting Initial cloud-init job (metadata service crawler)...
[   38.512577] cloud-init[698]: Cloud-init v. 19.1-1-gbaa47854-0ubuntu1~18.04.1 running 'init' at Thu, 13 Jun 2019 07:46:11 +0000. Up 38.29 seconds.
[   38.568421] cloud-init[698]: ci-info: +++++++++++++++++++++++++++++++++++++Net device info++++++++++++++++++++++++++++++++++++++
[   38.586893] cloud-init[698]: ci-info: +--------+------+---------------------------+---------------+--------+-------------------+
[   38.610605] cloud-init[698]: ci-info: | Device |  Up  |          Address          |      Mask     | Scope  |     Hw-Address    |
[   38.652546] cloud-init[698]: ci-info: +--------+------+---------------------------+---------------+--------+-------------------+
[   38.766018] cloud-init[698]: ci-info: | enp0s3 | True |         10.0.2.15         | 255.255.255.0 | global | 02:44:a0:33:03:e1 |
[   38.884394] cloud-init[698]: ci-info: | enp0s3 | True | fe80::44:a0ff:fe33:3e1/64 |       .       |  link  | 02:44:a0:33:03:e1 |
[   38.967772] cloud-init[698]: ci-info: |   lo   | True |         127.0.0.1         |   255.0.0.0   |  host  |         .         |
[   39.080314] cloud-init[698]: ci-info: |   lo   | True |          ::1/128          |       .       |  host  |         .         |
[   39.153223] cloud-init[698]: ci-info: +--------+------+---------------------------+---------------+--------+-------------------+
[   39.209364] cloud-init[698]: ci-info: ++++++++++++++++++++++++++++Route IPv4 info+++++++++++++++++++++++++++++
[   39.267782] cloud-init[698]: ci-info: +-------+-------------+----------+-----------------+-----------+-------+
[   39.284501] cloud-init[698]: ci-info: | Route | Destination | Gateway  |     Genmask     | Interface | Flags |
[   39.303890] cloud-init[698]: ci-info: +-------+-------------+----------+-----------------+-----------+-------+
[   39.389125] cloud-init[698]: ci-info: |   0   |   0.0.0.0   | 10.0.2.2 |     0.0.0.0     |   enp0s3  |   UG  |
[   39.403817] cloud-init[698]: ci-info: |   1   |   10.0.2.0  | 0.0.0.0  |  255.255.255.0  |   enp0s3  |   U   |
[   39.437747] cloud-init[698]: ci-info: |   2   |   10.0.2.2  | 0.0.0.0  | 255.255.255.255 |   enp0s3  |   UH  |
[   39.481754] cloud-init[698]: ci-info: +-------+-------------+----------+-----------------+-----------+-------+
[[0;32m  OK  [0m] Started Initial cloud-init job (metadata service crawler).
[   39.530401] cloud-init[698]: ci-info: +++++++++++++++++++Route IPv6 info+++++++++++++++++++
[[0;32m  OK  [0m[   39.640816] ] cloud-initReached target System Initialization.[698]: 
ci-info: +-------+-------------+---------+-----------+-------+
[[   39.773227] cloud-init[698]: ci-info: | Route | Destination | Gateway | Interface | Flags |
[0;32m  OK  [0m] Started Message of the Day.
[   39.774017] cloud-init[698]: ci-info: +-------+-------------+---------+-----------+-------+
[[0;32m  OK  [0m] Listening on Open-iSCSI iscsid Socket.
[   39.821415] cloud-init[698]: ci-info: |   1   |  fe80::/64  |    ::   |   enp0s3  |   U   |
[[0;32m  OK  [0m] Started ACPI Events Check.
[   39.920311] cloud-init[698]: ci-info: |   3   |    local    |    ::   |   enp0s3  |   U   |
[[   40.012844] cloud-init[698]: ci-info: |   4   |   ff00::/8  |    ::   |   enp0s3  |   U   |
[   40.013232] cloud-init[698]: ci-info: +-------+-------------+---------+-----------+-------+
[0;32m  OK  [0m] Reached target Paths.
[   40.013737] cloud-init[698]: Generating public/private rsa key pair.
         [   40.156973] Starting LXD - unix socket.cloud-init
[698]: Your identification has been saved in /etc/ssh/ssh_host_rsa_key.
[   40.293430] cloud-init[698]: Your public key has been saved in /etc/ssh/ssh_host_rsa_key.pub.
         [   40.396588] Starting Socket activation for snappy daemon.cloud-init
[698]: The key fingerprint is:
[[   40.481053] cloud-init[698]: SHA256:NoBSIgQIgvbjXu+cLQE8eueRxCdtuk1Ysrfzs4RQsEA root@ubuntu-bionic
[   40.481249] cloud-init[698]: The key's randomart image is:
[0;32m  OK  [0m] Listening on UUID daemon activation socket.
[   40.481583] cloud-init[698]: +---[RSA 2048]----+
[[   40.672994] cloud-init[698]: |@.. oE .         |
[0;32m  OK  [0m] Started Daily Cleanup of Temporary Directories.
[   40.673170] cloud-init[698]: |+o o .. o        |
[   40.780868] cloud-init[698]: |. o o o...       |
[[0;32m  OK  [0m] Started Discard unused blocks once a week.
[   40.781644] cloud-init[698]: |   + + *.=       |
[[   40.912697] cloud-init[698]: |  . o +.S        |
[0;32m  OK  [0m] Started Daily apt download activities.
[   40.913024] cloud-init[698]: |   o o X.+.      |
[[   41.046152] cloud-init[698]: |  . o + B...     |
[   41.046653] cloud-init[698]: |   .  .=o+..     |
[   41.046755] cloud-init[698]: |      .+..ooo    |
[   41.046835] cloud-init[698]: +----[SHA256]-----+
[   41.046902] cloud-init[698]: Generating public/private dsa key pair.
[   41.046978] cloud-init[698]: Your identification has been saved in /etc/ssh/ssh_host_dsa_key.
[   41.047055] cloud-init[698]: Your public key has been saved in /etc/ssh/ssh_host_dsa_key.pub.
[   41.047131] cloud-init[698]: The key fingerprint is:
[   41.047192] cloud-init[698]: SHA256:klk6a2mQBdP40N+ohfeU1yJD2Lwz+g2SMS8j3y0dfiI root@ubuntu-bionic
[   41.047252] cloud-init[698]: The key's randomart image is:
[   41.047311] cloud-init[698]: +---[DSA 1024]----+
[   41.047378] cloud-init[698]: |    o+   +       |
[   41.047437] cloud-init[698]: |    ooo . +      |
[   41.047505] cloud-init[698]: |     o.o.+ o .   |
[   41.047569] cloud-init[698]: |     oo=B X o .  |
[   41.047637] cloud-init[698]: |    o *+SO * .   |
[   41.047703] cloud-init[698]: |     .o=* + .    |
[   41.047768] cloud-init[698]: |      =o * * .   |
[   41.047833] cloud-init[698]: |     o  . E * .  |
[   41.047903] cloud-init[698]: |           o o   |
[   41.047987] cloud-init[698]: +----[SHA256]-----+
[   41.048073] cloud-init[698]: Generating public/private ecdsa key pair.
[   41.048149] cloud-init[698]: Your identification has been saved in /etc/ssh/ssh_host_ecdsa_key.
[   41.048308] cloud-init[698]: Your public key has been saved in /etc/ssh/ssh_host_ecdsa_key.pub.
[   41.049147] cloud-init[698]: The key fingerprint is:
[   41.049240] cloud-init[698]: SHA256:dWZR4SKt8DRBWzD8i7trMq7YzlchMKJbT726JA7sA/w root@ubuntu-bionic
[   41.049344] cloud-init[698]: The key's randomart image is:
[0;32m  OK  [0m] Started Daily apt upgrade and clean activities.
[   41.049434] cloud-init[698]: +---[ECDSA 256]---+
[[   42.040740] cloud-init[698]: |         o=.o.o. |
[0;32m  OK  [0m] Reached target Timers.
[   42.041014] cloud-init[698]: |    . o   .* o   |
[[   42.160577] cloud-init[698]: |   . . +. *.* .  |
[0;32m  OK  [0m[   42.160907] ] cloud-initListening on D-Bus System Message Bus Socket.[698]: 
|  . . . o=.B..   |
[[0;32m  OK  [0m[   42.320900] ] cloud-initListening on ACPID Listen Socket.[698]: 
|.  o o  Sooo .   |
[   42.397249] cloud-init[698]: |.o.   . . o .    |
[[   42.440516] cloud-init[698]: | .+ . .. . .     |
[   42.441125] cloud-init[698]: | ..E *. + o      |
[0;32m  OK  [0m] Reached target Cloud-config availability.
[   42.441407] cloud-init[698]: |  ..o.*=.+oo     |
[   42.536807] [cloud-init[0;32m  OK  [0m[698]: ] +----[SHA256]-----+Reached target Network is Online.

[   42.565860] cloud-init[698]: Generating public/private ed25519 key pair.
[   42.566417] cloud-init[698]: Your identification has been saved in /etc/ssh/ssh_host_ed25519_key.
[   42.566528] cloud-init[698]: Your public key has been saved in /etc/ssh/ssh_host_ed25519_key.pub.
[[0;32m  OK  [0m] Reached target Remote File Systems (Pre).
[[   42.567557] cloud-init[698]: The key fingerprint is:
[   42.704942] cloud-init[698]: SHA256:IfN83f/1siN3uERwvbX6djb0IUdj731REccJL+DboTo root@ubuntu-bionic
[0;32m  OK  [0m] Reached target Remote File Systems.
[   42.705200] cloud-init[698]: The key's randomart image is:
         Starting Availability of block devices...
[   42.862354] cloud-init[698]: +--[ED25519 256]--+
[   42.919407] cloud-init[698]: |           . ..o+|
[[   42.952714] cloud-init[698]: |          . . .+o|
[0;32m  OK  [0m] Listening on LXD - unix socket.
[   42.953452] cloud-init[698]: |      o .  ..o..+|
[[   43.016787] cloud-init[698]: |       = . .++o+=|
[0;32m  OK  [0m] Listening on Socket activation for snappy daemon.
[   43.017434] cloud-init[698]: |        S .o..=o+|
[[   43.060274] cloud-init[698]: |         ..  o.*.|
[   43.060815] cloud-init[698]: |         E   .=oB|
[   43.062706] cloud-init[698]: |          . ..*o%|
[   43.062875] cloud-init[698]: |             o+O*|
[   43.062962] cloud-init[698]: +----[SHA256]-----+
[0;32m  OK  [0m] Started Availability of block devices.
[[0;32m  OK  [0m] Reached target Sockets.
[[0;32m  OK  [0m] Reached target Basic System.
         Starting LSB: automatic crash report generation...
         Starting LSB: Record successful boot for GRUB...
         Starting Snappy daemon...
         Starting Permit User Sessions...
         Starting Pollinate to seed the pseudo random number generator...
[[0;32m  OK  [0m] Started D-Bus System Message Bus.
         Starting Accounts Service...
         Starting Virtualbox guest utils...
         Starting System Logging Service...
         Starting Dispatcher daemon for systemd-networkd...
[[0;32m  OK  [0m] Started FUSE filesystem for LXC.
[[0;32m  OK  [0m] Started irqbalance daemon.
         Starting Login Service...
[[0;32m  OK  [0m] Started Deferred execution scheduler.
[[0;32m  OK  [0m] Started Regular background program processing daemon.
         Starting LXD - container startup/shutdown...
[[0;32m  OK  [0m] Started Snappy daemon.
[[0;32m  OK  [0m] Started System Logging Service.
[[0;32m  OK  [0m] Started Permit User Sessions.
         Starting Authorization Manager...
         Starting Terminate Plymouth Boot Screen...
         Starting Hold until boot process finishes up...
         Starting Wait until snapd is fully seeded...
[[0;32m  OK  [0m] Started Terminate Plymouth Boot Screen.
[[0;32m  OK  [0m] Started Hold until boot process finishes up.
[[0;32m  OK  [0m] Started Login Service.
[[0;32m  OK  [0m] Started Unattended Upgrades Shutdown.
         Starting Set console scheme...
[[0;32m  OK  [0m] Started Serial Getty on ttyS0.
[[0;32m  OK  [0m] Started LSB: automatic crash report generation.
[[0;32m  OK  [0m] Started LSB: Record successful boot for GRUB.
[[0;32m  OK  [0m] Started Set console scheme.
[[0;32m  OK  [0m] Started Authorization Manager.
[[0;32m  OK  [0m] Started Accounts Service.
[[0;32m  OK  [0m] Created slice system-getty.slice.
[[0;32m  OK  [0m] Started Getty on tty1.
[[0;32m  OK  [0m] Reached target Login Prompts.
[[0;32m  OK  [0m] Started LXD - container startup/shutdown.
[[0;32m  OK  [0m] Started Pollinate to seed the pseudo random number generator.
[[0;32m  OK  [0m] Started Dispatcher daemon for systemd-networkd.
[[0;32m  OK  [0m] Started Virtualbox guest utils.
         Starting OpenBSD Secure Shell server...
[[0;32m  OK  [0m] Started OpenBSD Secure Shell server.
[[0;32m  OK  [0m] Created slice User Slice of vagrant.
         Starting User Manager for UID 1000...
[[0;32m  OK  [0m] Started Session 1 of user vagrant.
[[0;32m  OK  [0m] Started User Manager for UID 1000.

Ubuntu 18.04.2 LTS ubuntu-bionic ttyS0

ubuntu-bionic login: [   53.456430] cloud-init[1455]: Cloud-init v. 19.1-1-gbaa47854-0ubuntu1~18.04.1 running 'modules:config' at Thu, 13 Jun 2019 07:46:25 +0000. Up 52.37 seconds.
ci-info: no authorized ssh keys fingerprints found for user ubuntu.
<14>Jun 13 07:46:28 ec2: 
<14>Jun 13 07:46:28 ec2: #############################################################
<14>Jun 13 07:46:28 ec2: -----BEGIN SSH HOST KEY FINGERPRINTS-----
<14>Jun 13 07:46:28 ec2: 1024 SHA256:klk6a2mQBdP40N+ohfeU1yJD2Lwz+g2SMS8j3y0dfiI root@ubuntu-bionic (DSA)
<14>Jun 13 07:46:28 ec2: 256 SHA256:dWZR4SKt8DRBWzD8i7trMq7YzlchMKJbT726JA7sA/w root@ubuntu-bionic (ECDSA)
<14>Jun 13 07:46:28 ec2: 256 SHA256:IfN83f/1siN3uERwvbX6djb0IUdj731REccJL+DboTo root@ubuntu-bionic (ED25519)
<14>Jun 13 07:46:28 ec2: 2048 SHA256:NoBSIgQIgvbjXu+cLQE8eueRxCdtuk1Ysrfzs4RQsEA root@ubuntu-bionic (RSA)
<14>Jun 13 07:46:28 ec2: -----END SSH HOST KEY FINGERPRINTS-----
<14>Jun 13 07:46:28 ec2: #############################################################
-----BEGIN SSH HOST KEY KEYS-----
ecdsa-sha2-nistp256 AAAAE2VjZHNhLXNoYTItbmlzdHAyNTYAAAAIbmlzdHAyNTYAAABBBLgUnDngNzZxT1NhTlp/loi5h1l968XURrrigPJ+sTKJbztpGv3Xr05oA7RHu78J98R2SV6q2viZQyuAj5fAoDI= root@ubuntu-bionic
ssh-ed25519 AAAAC3NzaC1lZDI1NTE5AAAAINt2Mdth79BCZIptbKg/GvJJl9y0zlboya+kYQmVFYaY root@ubuntu-bionic
ssh-rsa AAAAB3NzaC1yc2EAAAADAQABAAABAQC4tdaDZZqzKRKWP9pTSdOyoXgl4YSQ0lf8kujF5sl8DbzhpJzt2FFcQ1flqlD2cyjG6Jk1UHjMZZ+hpn8YRWrbhDpOXK6Y/pMRM8vKo/WuRFB9yF2WLhSsZn4P5AI/Q0+QDqOWrXCXIWE0WxSJUj5UHlU4u6fHSRsdbdgs+6Sgf8tW/cea9iJhur4HoWkSGF60CAPF/EPsNLQwe7Va1vTks2+aoPeiC9vDc7o5ji9cwX2w8Hg+s8Hhqs/tCNR/QhFCr1EXpBHRVOt32cc47fiVr8VQhkJhhYPzwIkVuSMdnPTaVAuHVg8AI+gH4843fDuZiXYyn7GA+L5PAUJAaeTl root@ubuntu-bionic
-----END SSH HOST KEY KEYS-----
[   55.179143] cloud-init[1577]: Cloud-init v. 19.1-1-gbaa47854-0ubuntu1~18.04.1 running 'modules:final' at Thu, 13 Jun 2019 07:46:28 +0000. Up 54.89 seconds.
[   55.179483] cloud-init[1577]: ci-info: no authorized ssh keys fingerprints found for user ubuntu.
[   55.179555] cloud-init[1577]: Cloud-init v. 19.1-1-gbaa47854-0ubuntu1~18.04.1 finished at Thu, 13 Jun 2019 07:46:28 +0000. Datasource DataSourceNoCloud [seed=/dev/sdb][dsmode=net].  Up 55.16 seconds
         Stoppn         Stopping LXD - container startup/shutdown...
         Stopping FUSE filesystem for LXC...
[[0;32m  OK  [0m] Stopped Apply the settings specified in cloud-config.
[[0;32m  OK  [0m] Stopped Wait until snapd is fully seeded.
[[0;32m  OK  [0m] Stopped target Network is Online.
         Stopping Dispatcher daemon for systemd-networkd...
         Stopping Unattended Upgrades Shutdown...
         Stopping Getty on tty1...
[[0;32m  OK  [0m] Stopped Clean PHP session files every 30 mins.
[[0;32m  OK  [0m] Stopped target Cloud-config availability.
[[0;32m  OK  [0m] Stopped Message of the Day.
[[0;32m  OK  [0m] Stopped target System Time Synchronized.
         Stopping OpenBSD Secure Shell server...
         Stopping Deferred execution scheduler...
[[0;32m  OK  [0m] Stopped Daily Cleanup of Temporary Directories.
         Stopping LSB: Record successful boot for GRUB...
[[0;32m  OK  [0m] Unmounted /var/lib/lxcfs.
[[0;32m  OK  [0m] Stopped Accounts Service.
[[0;32m  OK  [0m] Stopped System Logging Service.
[[0;32m  OK  [0m] Stopped Dispatcher daemon for systemd-networkd.
[[0;32m  OK  [0m] Stopped irqbalance daemon.
[[0;32m  OK  [0m] Stopped Deferred execution scheduler.
[[0;32m  OK  [0m] Stopped Regular background program processing daemon.
[[0;32m  OK  [0m] Stopped Authorization Manager.
[[0;32m  OK  [0m] Stopped Unattended Upgrades Shutdown.
[[0;32m  OK  [0m] Stopped Serial Getty on ttyS0.
[[0;32m  OK  [0m] Stopped Getty on tty1.
[[0;32m  OK  [0m] Stopped OpenBSD Secure Shell server.
[[0;32m  OK  [0m] Stopped User Manager for UID 1000.
[[0;32m  OK  [0m] Stopped Availability of block devices.
[[0;32m  OK  [0m] Stopped The Apache HTTP Server.
[[0;32m  OK  [0m] Stopped D-Bus System Message Bus.
[[0;32m  OK  [0m] Stopped FUSE filesystem for LXC.
[[0;32m  OK  [0m] Stopped Session 14 of user vagrant.
[[0;32m  OK  [0m] Stopped Session 5 of user vagrant.
[[0;32m  OK  [0m] Stopped LXD - container startup/shutdown.
[[0;32m  OK  [0m] Stopped LSB: automatic crash report generation.
[[0;32m  OK  [0m] Stopped Virtualbox guest utils.
[[0;32m  OK  [0m] Stopped LSB: Record successful boot for GRUB.
[[0;32m  OK  [0m] Stopped target Host and Network Name Lookups.
[[0;32m  OK  [0m] Removed slice User Slice of vagrant.
[[0;32m  OK  [0m] Removed slice system-getty.slice.
[[0;32m  OK  [0m] Removed slice system-serial\x2dgetty.slice.
         Stopping Permit User Sessions...
         Stopping Login Service...
[[0;32m  OK  [0m] Stopped Permit User Sessions.
[[0;32m  OK  [0m] Stopped target Network.
         Stopping Network Name Resolution...
[[0;32m  OK  [0m] Stopped target Remote File Systems.
[[0;32m  OK  [0m] Stopped target Remote File Systems (Pre).
[[0;32m  OK  [0m] Stopped Network Name Resolution.
[[0;32m  OK  [0m] Stopped Login Service.
[[0;32m  OK  [0m] Stopped target Basic System.
[[0;32m  OK  [0m] Stopped target Slices.
[[0;32m  OK  [0m] Removed slice User and Session Slice.
[[0;32m  OK  [0m] Stopped target Paths.
[[0;32m  OK  [0m] Stopped ACPI Events Check.
[[0;32m  OK  [0m] Stopped target Sockets.
[[0;32m  OK  [0m] Closed Open-iSCSI iscsid Socket.
[[0;32m  OK  [0m] Closed UUID daemon activation socket.
[[0;32m  OK  [0m] Closed LXD - unix socket.
[[0;32m  OK  [0m] Closed Syslog Socket.
[[0;32m  OK  [0m] Closed Socket activation for snappy daemon.
[[0;32m  OK  [0m] Closed D-Bus System Message Bus Socket.
[[0;32m  OK  [0m] Closed ACPID Listen Socket.
[[0;32m  OK  [0m] Stopped target System Initialization.
         Stopping Load/Save Random Seed...
[[0;32m  OK  [0m] Stopped Commit a transient machine-id on disk.
         Stopping Update UTMP about System Boot/Shutdown...
[[0;32m  OK  [0m] Stopped target Local Encrypted Volumes.
[[0;32m  OK  [0m] Stopped Dispatch Password Requests to Console Directory Watch.
[[0;32m  OK  [0m] Stopped Forward Password Requests to Wall Directory Watch.
[[0;32m  OK  [0m] Stopped Initial cloud-init job (metadata service crawler).
[[0;32m  OK  [0m] Stopped Wait for Network to be Configured.
[[0;32m  OK  [0m] Stopped target User and Group Name Lookups.
         Stopping Network Service...
[[0;32m  OK  [0m] Stopped Load/Save Random Seed.
[[0;32m  OK  [0m] Stopped Network Service.
[[0;32m  OK  [0m] Stopped target Network (Pre).
[[0;32m  OK  [0m] Stopped Initial cloud-init job (pre-networking).
[[0;32m  OK  [0m] Stopped Apply Kernel Variables.
[[0;32m  OK  [0m] Stopped Load Kernel Modules.
[[0;32m  OK  [0m] Stopped Update UTMP about System Boot/Shutdown.
[[0;32m  OK  [0m] Stopped Create Volatile Files and Directories.
[[0;32m  OK  [0m] Stopped target Local File Systems.
         Unmounting /vagrant...
         Unmounting /run/user/1000...
[[0;32m  OK  [0m] Unmounted /vagrant.
[[0;32m  OK  [0m] Unmounted /run/user/1000.
[[0;32m  OK  [0m] Stopped target Swap.
[[0;32m  OK  [0m] Reached target Unmount All Filesystems.
[[0;32m  OK  [0m] Stopped target Local File Systems (Pre).
[[0;32m  OK  [0m] Stopped Remount Root and Kernel File Systems.
[[0;32m  OK  [0m] Stopped Create Static Device Nodes in /dev.
[[0;32m  OK  [0m] Reached target Shutdown.
[[0;32m  OK  [0m] Reached target Final Step.
         Starting Power-Off...
         Stopping Monitoring of LVM2 mirrors…ng dmeventd or progress polling...
[[0;32m  OK  [0m] Stopped Monitoring of LVM2 mirrors,…sing dmeventd or progress polling.
         Stopping LVM2 metadata daemon...
[[0;32m  OK  [0m] Stopped LVM2 metadata daemon.
[ 8478.449506] reboot: Power down
